# JRE version: Java(TM) SE Runtime Environment (8.0_121-b13) (build 1.8.0_121-b13)
# Java VM: Java HotSpot(TM) 64-Bit Server VM (25.121-b13 mixed mode windows-amd64 compressed oops)
Heap:
 PSYoungGen      total 591360K, used 403024K [0x00000000d5f80000, 0x0000000100000000, 0x0000000100000000)
  eden space 502272K, 67% used [0x00000000d5f80000,0x00000000ea9712b0,0x00000000f4a00000)
  from space 89088K, 73% used [0x00000000fa900000,0x00000000fe8a30c8,0x0000000100000000)
  to   space 93184K, 0% used [0x00000000f4a00000,0x00000000f4a00000,0x00000000fa500000)
 ParOldGen       total 226304K, used 133441K [0x0000000081e00000, 0x000000008fb00000, 0x00000000d5f80000)
  object space 226304K, 58% used [0x0000000081e00000,0x000000008a050570,0x000000008fb00000)
 Metaspace       used 84068K, capacity 86144K, committed 86528K, reserved 1124352K
  class space    used 10721K, capacity 11244K, committed 11264K, reserved 1048576K
GC Heap History (10 events):
Event: 573.922 GC heap before
{Heap before GC invocations=27 (full 3):
 PSYoungGen      total 390144K, used 380802K [0x00000000d5f80000, 0x00000000f6a00000, 0x0000000100000000)
  eden space 330752K, 100% used [0x00000000d5f80000,0x00000000ea280000,0x00000000ea280000)
  from space 59392K, 84% used [0x00000000ea280000,0x00000000ed360a68,0x00000000edc80000)
  to   space 64000K, 0% used [0x00000000f2b80000,0x00000000f2b80000,0x00000000f6a00000)
 ParOldGen       total 226304K, used 94897K [0x0000000081e00000, 0x000000008fb00000, 0x00000000d5f80000)
  object space 226304K, 41% used [0x0000000081e00000,0x0000000087aac5c8,0x000000008fb00000)
 Metaspace       used 60596K, capacity 61984K, committed 62336K, reserved 1103872K
  class space    used 7517K, capacity 7954K, committed 8064K, reserved 1048576K
Event: 573.963 GC heap after
Heap after GC invocations=27 (full 3):
 PSYoungGen      total 465408K, used 54539K [0x00000000d5f80000, 0x00000000f7b80000, 0x0000000100000000)
  eden space 401408K, 0% used [0x00000000d5f80000,0x00000000d5f80000,0x00000000ee780000)
  from space 64000K, 85% used [0x00000000f2b80000,0x00000000f60c2d00,0x00000000f6a00000)
  to   space 69632K, 0% used [0x00000000ee780000,0x00000000ee780000,0x00000000f2b80000)
 ParOldGen       total 226304K, used 109319K [0x0000000081e00000, 0x000000008fb00000, 0x00000000d5f80000)
  object space 226304K, 48% used [0x0000000081e00000,0x00000000888c1d70,0x000000008fb00000)
 Metaspace       used 60596K, capacity 61984K, committed 62336K, reserved 1103872K
  class space    used 7517K, capacity 7954K, committed 8064K, reserved 1048576K
}
Event: 719.298 GC heap before
{Heap before GC invocations=28 (full 3):
 PSYoungGen      total 465408K, used 455947K [0x00000000d5f80000, 0x00000000f7b80000, 0x0000000100000000)
  eden space 401408K, 100% used [0x00000000d5f80000,0x00000000ee780000,0x00000000ee780000)
  from space 64000K, 85% used [0x00000000f2b80000,0x00000000f60c2d00,0x00000000f6a00000)
  to   space 69632K, 0% used [0x00000000ee780000,0x00000000ee780000,0x00000000f2b80000)
 ParOldGen       total 226304K, used 109319K [0x0000000081e00000, 0x000000008fb00000, 0x00000000d5f80000)
  object space 226304K, 48% used [0x0000000081e00000,0x00000000888c1d70,0x000000008fb00000)
 Metaspace       used 67714K, capacity 69270K, committed 69632K, reserved 1110016K
  class space    used 8489K, capacity 8952K, committed 8960K, reserved 1048576K
Event: 719.343 GC heap after
Heap after GC invocations=28 (full 3):
 PSYoungGen      total 471040K, used 51754K [0x00000000d5f80000, 0x00000000fb700000, 0x0000000100000000)
  eden space 401408K, 0% used [0x00000000d5f80000,0x00000000d5f80000,0x00000000ee780000)
  from space 69632K, 74% used [0x00000000ee780000,0x00000000f1a0aa00,0x00000000f2b80000)
  to   space 72704K, 0% used [0x00000000f7000000,0x00000000f7000000,0x00000000fb700000)
 ParOldGen       total 226304K, used 110752K [0x0000000081e00000, 0x000000008fb00000, 0x00000000d5f80000)
  object space 226304K, 48% used [0x0000000081e00000,0x0000000088a28330,0x000000008fb00000)
 Metaspace       used 67714K, capacity 69270K, committed 69632K, reserved 1110016K
  class space    used 8489K, capacity 8952K, committed 8960K, reserved 1048576K
}
Event: 721.561 GC heap before
{Heap before GC invocations=29 (full 3):
 PSYoungGen      total 471040K, used 453162K [0x00000000d5f80000, 0x00000000fb700000, 0x0000000100000000)
  eden space 401408K, 100% used [0x00000000d5f80000,0x00000000ee780000,0x00000000ee780000)
  from space 69632K, 74% used [0x00000000ee780000,0x00000000f1a0aa00,0x00000000f2b80000)
  to   space 72704K, 0% used [0x00000000f7000000,0x00000000f7000000,0x00000000fb700000)
 ParOldGen       total 226304K, used 110752K [0x0000000081e00000, 0x000000008fb00000, 0x00000000d5f80000)
  object space 226304K, 48% used [0x0000000081e00000,0x0000000088a28330,0x000000008fb00000)
 Metaspace       used 73065K, capacity 74718K, committed 75008K, reserved 1114112K
  class space    used 9225K, capacity 9707K, committed 9728K, reserved 1048576K
Event: 721.604 GC heap after
Heap after GC invocations=29 (full 3):
 PSYoungGen      total 536576K, used 56459K [0x00000000d5f80000, 0x00000000fbf00000, 0x0000000100000000)
  eden space 463872K, 0% used [0x00000000d5f80000,0x00000000d5f80000,0x00000000f2480000)
  from space 72704K, 77% used [0x00000000f7000000,0x00000000fa722d50,0x00000000fb700000)
  to   space 77312K, 0% used [0x00000000f2480000,0x00000000f2480000,0x00000000f7000000)
 ParOldGen       total 226304K, used 127231K [0x0000000081e00000, 0x000000008fb00000, 0x00000000d5f80000)
  object space 226304K, 56% used [0x0000000081e00000,0x0000000089a3ff20,0x000000008fb00000)
 Metaspace       used 73065K, capacity 74718K, committed 75008K, reserved 1114112K
  class space    used 9225K, capacity 9707K, committed 9728K, reserved 1048576K
}
Event: 744.941 GC heap before
{Heap before GC invocations=30 (full 3):
 PSYoungGen      total 536576K, used 520331K [0x00000000d5f80000, 0x00000000fbf00000, 0x0000000100000000)
  eden space 463872K, 100% used [0x00000000d5f80000,0x00000000f2480000,0x00000000f2480000)
  from space 72704K, 77% used [0x00000000f7000000,0x00000000fa722d50,0x00000000fb700000)
  to   space 77312K, 0% used [0x00000000f2480000,0x00000000f2480000,0x00000000f7000000)
 ParOldGen       total 226304K, used 127231K [0x0000000081e00000, 0x000000008fb00000, 0x00000000d5f80000)
  object space 226304K, 56% used [0x0000000081e00000,0x0000000089a3ff20,0x000000008fb00000)
 Metaspace       used 73167K, capacity 74818K, committed 75264K, reserved 1114112K
  class space    used 9233K, capacity 9714K, committed 9728K, reserved 1048576K
Event: 744.985 GC heap after
Heap after GC invocations=30 (full 3):
 PSYoungGen      total 541184K, used 77300K [0x00000000d5f80000, 0x0000000100000000, 0x0000000100000000)
  eden space 463872K, 0% used [0x00000000d5f80000,0x00000000d5f80000,0x00000000f2480000)
  from space 77312K, 99% used [0x00000000f2480000,0x00000000f6ffd048,0x00000000f7000000)
  to   space 89088K, 0% used [0x00000000fa900000,0x00000000fa900000,0x0000000100000000)
 ParOldGen       total 226304K, used 130704K [0x0000000081e00000, 0x000000008fb00000, 0x00000000d5f80000)
  object space 226304K, 57% used [0x0000000081e00000,0x0000000089da4058,0x000000008fb00000)
 Metaspace       used 73167K, capacity 74818K, committed 75264K, reserved 1114112K
  class space    used 9233K, capacity 9714K, committed 9728K, reserved 1048576K
}
Event: 749.483 GC heap before
{Heap before GC invocations=31 (full 3):
 PSYoungGen      total 541184K, used 541172K [0x00000000d5f80000, 0x0000000100000000, 0x0000000100000000)
  eden space 463872K, 100% used [0x00000000d5f80000,0x00000000f2480000,0x00000000f2480000)
  from space 77312K, 99% used [0x00000000f2480000,0x00000000f6ffd048,0x00000000f7000000)
  to   space 89088K, 0% used [0x00000000fa900000,0x00000000fa900000,0x0000000100000000)
 ParOldGen       total 226304K, used 130704K [0x0000000081e00000, 0x000000008fb00000, 0x00000000d5f80000)
  object space 226304K, 57% used [0x0000000081e00000,0x0000000089da4058,0x000000008fb00000)
 Metaspace       used 78633K, capacity 80474K, committed 80896K, reserved 1120256K
  class space    used 9980K, capacity 10483K, committed 10496K, reserved 1048576K
Event: 749.538 GC heap after
Heap after GC invocations=31 (full 3):
 PSYoungGen      total 591360K, used 65164K [0x00000000d5f80000, 0x0000000100000000, 0x0000000100000000)
  eden space 502272K, 0% used [0x00000000d5f80000,0x00000000d5f80000,0x00000000f4a00000)
  from space 89088K, 73% used [0x00000000fa900000,0x00000000fe8a30c8,0x0000000100000000)
  to   space 93184K, 0% used [0x00000000f4a00000,0x00000000f4a00000,0x00000000fa500000)
 ParOldGen       total 226304K, used 133441K [0x0000000081e00000, 0x000000008fb00000, 0x00000000d5f80000)
  object space 226304K, 58% used [0x0000000081e00000,0x000000008a050570,0x000000008fb00000)
 Metaspace       used 78633K, capacity 80474K, committed 80896K, reserved 1120256K
  class space    used 9980K, capacity 10483K, committed 10496K, reserved 1048576K
}

